<?xml version="1.0" encoding="UTF-8"?>
<testng-results skipped="0" failed="0" ignored="0" total="1" passed="1">
  <reporter-output>
  </reporter-output>
  <suite name="Default suite" duration-ms="39636" started-at="2020-02-25T13:05:12 CST" finished-at="2020-02-25T13:05:52 CST">
    <groups>
    </groups>
    <test name="Default test" duration-ms="39636" started-at="2020-02-25T13:05:12 CST" finished-at="2020-02-25T13:05:52 CST">
      <class name="test.NewAccountTest">
        <test-method status="PASS" signature="OpenANewAccount()[pri:0, instance:test.NewAccountTest@77888435]" name="OpenANewAccount" duration-ms="39579" started-at="2020-02-25T13:05:12 CST" finished-at="2020-02-25T13:05:52 CST">
          <reporter-output>
          </reporter-output>
        </test-method> <!-- OpenANewAccount -->
        <test-method status="PASS" signature="close()[pri:0, instance:test.NewAccountTest@77888435]" name="close" is-config="true" duration-ms="1" started-at="2020-02-25T13:05:52 CST" finished-at="2020-02-25T13:05:52 CST">
          <reporter-output>
          </reporter-output>
        </test-method> <!-- close -->
      </class> <!-- test.NewAccountTest -->
    </test> <!-- Default test -->
  </suite> <!-- Default suite -->
</testng-results>
